<?xml version="1.0" encoding="UTF-8"?>
<!-- Generated by org.testng.reporters.JUnitReportReporter -->
<testsuite hostname="Phuongs-MacBook-Pro.local" failures="0" tests="3" name="test.testNG.DataProviderComputer" time="0.141" errors="0" timestamp="2022-10-18T21:42:51 CDT" skipped="0">
  <testcase classname="test.testNG.DataProviderComputer" name="testDataProvider" time="0.006"/>
  <system-out/>
  <testcase classname="test.testNG.DataProviderComputer" name="testDataProvider" time="0.007"/>
  <system-out/>
  <testcase classname="test.testNG.DataProviderComputer" name="testDataProvider" time="0.128"/>
  <system-out/>
</testsuite> <!-- test.testNG.DataProviderComputer -->
