<?xml version="1.0" encoding="UTF-8"?>
<!-- Generated by org.testng.reporters.JUnitReportReporter -->
<testsuite hostname="Phuongs-MacBook-Pro.local" failures="0" tests="3" name="test.testNG.LearnDataProvider" time="0.189" errors="0" timestamp="2022-10-18T21:42:51 CDT" skipped="0">
  <testcase classname="test.testNG.LearnDataProvider" name="testDataProvider" time="0.006"/>
  <system-out/>
  <testcase classname="test.testNG.LearnDataProvider" name="testDataProvider" time="0.179"/>
  <system-out/>
  <testcase classname="test.testNG.LearnDataProvider" name="testDataProvider" time="0.004"/>
  <system-out/>
</testsuite> <!-- test.testNG.LearnDataProvider -->
